# JRE version: OpenJDK Runtime Environment Temurin-21.0.9+10 (21.0.9+10) (build 21.0.9+10-LTS)
# Java VM: OpenJDK 64-Bit Server VM Temurin-21.0.9+10 (21.0.9+10-LTS, mixed mode, sharing, tiered, compressed oops, compressed class ptrs, parallel gc, windows-amd64)
GC Precious Log:
 CardTable entry size: 512
 CPUs: 12 total, 12 available
 Memory: 16095M
 Large Page Support: Disabled
 NUMA Support: Disabled
 Compressed Oops: Enabled (32-bit)
 Alignments: Space 512K, Generation 512K, Heap 2M
 Heap Min Capacity: 100M
 Heap Initial Capacity: 100M
 Heap Max Capacity: 2G
 Pre-touch: Disabled
 Parallel Workers: 10
Heap:
 PSYoungGen      total 11776K, used 5017K [0x00000000d5580000, 0x00000000d6700000, 0x0000000100000000)
  eden space 10240K, 34% used [0x00000000d5580000,0x00000000d58ebaa8,0x00000000d5f80000)
  from space 1536K, 98% used [0x00000000d6280000,0x00000000d63fac58,0x00000000d6400000)
  to   space 3072K, 0% used [0x00000000d5f80000,0x00000000d5f80000,0x00000000d6280000)
 ParOldGen       total 75776K, used 75640K [0x0000000080000000, 0x0000000084a00000, 0x00000000d5580000)
  object space 75776K, 99% used [0x0000000080000000,0x00000000849de0a0,0x0000000084a00000)
 Metaspace       used 69307K, committed 70912K, reserved 1114112K
  class space    used 7327K, committed 8000K, reserved 1048576K
GC Heap History (20 events):
Event: 2909.187 GC heap before
{Heap before GC invocations=80 (full 3):
 PSYoungGen      total 12800K, used 12503K [0x00000000d5580000, 0x00000000d6480000, 0x0000000100000000)
  eden space 11776K, 100% used [0x00000000d5580000,0x00000000d6100000,0x00000000d6100000)
  from space 1024K, 71% used [0x00000000d6380000,0x00000000d6435c98,0x00000000d6480000)
  to   space 1024K, 0% used [0x00000000d6280000,0x00000000d6280000,0x00000000d6380000)
 ParOldGen       total 70656K, used 70393K [0x0000000080000000, 0x0000000084500000, 0x00000000d5580000)
  object space 70656K, 99% used [0x0000000080000000,0x00000000844be698,0x0000000084500000)
 Metaspace       used 66624K, committed 68224K, reserved 1114112K
  class space    used 7085K, committed 7744K, reserved 1048576K
}
Event: 2909.189 GC heap after
{Heap after GC invocations=80 (full 3):
 PSYoungGen      total 12288K, used 458K [0x00000000d5580000, 0x00000000d6400000, 0x0000000100000000)
  eden space 11776K, 0% used [0x00000000d5580000,0x00000000d5580000,0x00000000d6100000)
  from space 512K, 89% used [0x00000000d6280000,0x00000000d62f2a08,0x00000000d6300000)
  to   space 1024K, 0% used [0x00000000d6300000,0x00000000d6300000,0x00000000d6400000)
 ParOldGen       total 71168K, used 70884K [0x0000000080000000, 0x0000000084580000, 0x00000000d5580000)
  object space 71168K, 99% used [0x0000000080000000,0x0000000084539080,0x0000000084580000)
 Metaspace       used 66624K, committed 68224K, reserved 1114112K
  class space    used 7085K, committed 7744K, reserved 1048576K
}
Event: 2909.237 GC heap before
{Heap before GC invocations=81 (full 3):
 PSYoungGen      total 12288K, used 12234K [0x00000000d5580000, 0x00000000d6400000, 0x0000000100000000)
  eden space 11776K, 100% used [0x00000000d5580000,0x00000000d6100000,0x00000000d6100000)
  from space 512K, 89% used [0x00000000d6280000,0x00000000d62f2a08,0x00000000d6300000)
  to   space 1024K, 0% used [0x00000000d6300000,0x00000000d6300000,0x00000000d6400000)
 ParOldGen       total 71168K, used 70884K [0x0000000080000000, 0x0000000084580000, 0x00000000d5580000)
  object space 71168K, 99% used [0x0000000080000000,0x0000000084539080,0x0000000084580000)
 Metaspace       used 66624K, committed 68224K, reserved 1114112K
  class space    used 7085K, committed 7744K, reserved 1048576K
}
Event: 2909.238 GC heap after
{Heap after GC invocations=81 (full 3):
 PSYoungGen      total 12288K, used 352K [0x00000000d5580000, 0x00000000d6380000, 0x0000000100000000)
  eden space 11776K, 0% used [0x00000000d5580000,0x00000000d5580000,0x00000000d6100000)
  from space 512K, 68% used [0x00000000d6300000,0x00000000d6358000,0x00000000d6380000)
  to   space 512K, 0% used [0x00000000d6280000,0x00000000d6280000,0x00000000d6300000)
 ParOldGen       total 71168K, used 71099K [0x0000000080000000, 0x0000000084580000, 0x00000000d5580000)
  object space 71168K, 99% used [0x0000000080000000,0x000000008456ed50,0x0000000084580000)
 Metaspace       used 66624K, committed 68224K, reserved 1114112K
  class space    used 7085K, committed 7744K, reserved 1048576K
}
Event: 2909.263 GC heap before
{Heap before GC invocations=82 (full 3):
 PSYoungGen      total 12288K, used 12128K [0x00000000d5580000, 0x00000000d6380000, 0x0000000100000000)
  eden space 11776K, 100% used [0x00000000d5580000,0x00000000d6100000,0x00000000d6100000)
  from space 512K, 68% used [0x00000000d6300000,0x00000000d6358000,0x00000000d6380000)
  to   space 512K, 0% used [0x00000000d6280000,0x00000000d6280000,0x00000000d6300000)
 ParOldGen       total 71168K, used 71099K [0x0000000080000000, 0x0000000084580000, 0x00000000d5580000)
  object space 71168K, 99% used [0x0000000080000000,0x000000008456ed50,0x0000000084580000)
 Metaspace       used 66629K, committed 68224K, reserved 1114112K
  class space    used 7085K, committed 7744K, reserved 1048576K
}
Event: 2909.264 GC heap after
{Heap after GC invocations=82 (full 3):
 PSYoungGen      total 12288K, used 512K [0x00000000d5580000, 0x00000000d6380000, 0x0000000100000000)
  eden space 11776K, 0% used [0x00000000d5580000,0x00000000d5580000,0x00000000d6100000)
  from space 512K, 100% used [0x00000000d6280000,0x00000000d6300000,0x00000000d6300000)
  to   space 512K, 0% used [0x00000000d6300000,0x00000000d6300000,0x00000000d6380000)
 ParOldGen       total 71680K, used 71371K [0x0000000080000000, 0x0000000084600000, 0x00000000d5580000)
  object space 71680K, 99% used [0x0000000080000000,0x00000000845b2d50,0x0000000084600000)
 Metaspace       used 66629K, committed 68224K, reserved 1114112K
  class space    used 7085K, committed 7744K, reserved 1048576K
}
Event: 2910.189 GC heap before
{Heap before GC invocations=83 (full 3):
 PSYoungGen      total 12288K, used 12288K [0x00000000d5580000, 0x00000000d6380000, 0x0000000100000000)
  eden space 11776K, 100% used [0x00000000d5580000,0x00000000d6100000,0x00000000d6100000)
  from space 512K, 100% used [0x00000000d6280000,0x00000000d6300000,0x00000000d6300000)
  to   space 512K, 0% used [0x00000000d6300000,0x00000000d6300000,0x00000000d6380000)
 ParOldGen       total 71680K, used 71371K [0x0000000080000000, 0x0000000084600000, 0x00000000d5580000)
  object space 71680K, 99% used [0x0000000080000000,0x00000000845b2d50,0x0000000084600000)
 Metaspace       used 66640K, committed 68224K, reserved 1114112K
  class space    used 7085K, committed 7744K, reserved 1048576K
}
Event: 2910.190 GC heap after
{Heap after GC invocations=83 (full 3):
 PSYoungGen      total 12288K, used 498K [0x00000000d5580000, 0x00000000d6400000, 0x0000000100000000)
  eden space 11776K, 0% used [0x00000000d5580000,0x00000000d5580000,0x00000000d6100000)
  from space 512K, 97% used [0x00000000d6300000,0x00000000d637ca68,0x00000000d6380000)
  to   space 1536K, 0% used [0x00000000d6100000,0x00000000d6100000,0x00000000d6280000)
 ParOldGen       total 72704K, used 72266K [0x0000000080000000, 0x0000000084700000, 0x00000000d5580000)
  object space 72704K, 99% used [0x0000000080000000,0x0000000084692880,0x0000000084700000)
 Metaspace       used 66640K, committed 68224K, reserved 1114112K
  class space    used 7085K, committed 7744K, reserved 1048576K
}
Event: 2910.957 GC heap before
{Heap before GC invocations=84 (full 3):
 PSYoungGen      total 12288K, used 12274K [0x00000000d5580000, 0x00000000d6400000, 0x0000000100000000)
  eden space 11776K, 100% used [0x00000000d5580000,0x00000000d6100000,0x00000000d6100000)
  from space 512K, 97% used [0x00000000d6300000,0x00000000d637ca68,0x00000000d6380000)
  to   space 1536K, 0% used [0x00000000d6100000,0x00000000d6100000,0x00000000d6280000)
 ParOldGen       total 72704K, used 72266K [0x0000000080000000, 0x0000000084700000, 0x00000000d5580000)
  object space 72704K, 99% used [0x0000000080000000,0x0000000084692880,0x0000000084700000)
 Metaspace       used 66645K, committed 68224K, reserved 1114112K
  class space    used 7085K, committed 7744K, reserved 1048576K
}
Event: 2910.959 GC heap after
{Heap after GC invocations=84 (full 3):
 PSYoungGen      total 13312K, used 495K [0x00000000d5580000, 0x00000000d6380000, 0x0000000100000000)
  eden space 11776K, 0% used [0x00000000d5580000,0x00000000d5580000,0x00000000d6100000)
  from space 1536K, 32% used [0x00000000d6100000,0x00000000d617be10,0x00000000d6280000)
  to   space 1024K, 0% used [0x00000000d6280000,0x00000000d6280000,0x00000000d6380000)
 ParOldGen       total 73216K, used 72776K [0x0000000080000000, 0x0000000084780000, 0x00000000d5580000)
  object space 73216K, 99% used [0x0000000080000000,0x00000000847120d8,0x0000000084780000)
 Metaspace       used 66645K, committed 68224K, reserved 1114112K
  class space    used 7085K, committed 7744K, reserved 1048576K
}
Event: 2912.892 GC heap before
{Heap before GC invocations=85 (full 3):
 PSYoungGen      total 13312K, used 12271K [0x00000000d5580000, 0x00000000d6380000, 0x0000000100000000)
  eden space 11776K, 100% used [0x00000000d5580000,0x00000000d6100000,0x00000000d6100000)
  from space 1536K, 32% used [0x00000000d6100000,0x00000000d617be10,0x00000000d6280000)
  to   space 1024K, 0% used [0x00000000d6280000,0x00000000d6280000,0x00000000d6380000)
 ParOldGen       total 73216K, used 72776K [0x0000000080000000, 0x0000000084780000, 0x00000000d5580000)
  object space 73216K, 99% used [0x0000000080000000,0x00000000847120d8,0x0000000084780000)
 Metaspace       used 66649K, committed 68224K, reserved 1114112K
  class space    used 7085K, committed 7744K, reserved 1048576K
}
Event: 2912.893 GC heap after
{Heap after GC invocations=85 (full 3):
 PSYoungGen      total 12288K, used 511K [0x00000000d5580000, 0x00000000d6300000, 0x0000000100000000)
  eden space 11776K, 0% used [0x00000000d5580000,0x00000000d5580000,0x00000000d6100000)
  from space 512K, 99% used [0x00000000d6280000,0x00000000d62fff10,0x00000000d6300000)
  to   space 1024K, 0% used [0x00000000d6100000,0x00000000d6100000,0x00000000d6200000)
 ParOldGen       total 73216K, used 73110K [0x0000000080000000, 0x0000000084780000, 0x00000000d5580000)
  object space 73216K, 99% used [0x0000000080000000,0x0000000084765a78,0x0000000084780000)
 Metaspace       used 66649K, committed 68224K, reserved 1114112K
  class space    used 7085K, committed 7744K, reserved 1048576K
}
Event: 2912.932 GC heap before
{Heap before GC invocations=86 (full 3):
 PSYoungGen      total 12288K, used 12287K [0x00000000d5580000, 0x00000000d6300000, 0x0000000100000000)
  eden space 11776K, 100% used [0x00000000d5580000,0x00000000d6100000,0x00000000d6100000)
  from space 512K, 99% used [0x00000000d6280000,0x00000000d62fff10,0x00000000d6300000)
  to   space 1024K, 0% used [0x00000000d6100000,0x00000000d6100000,0x00000000d6200000)
 ParOldGen       total 73216K, used 73110K [0x0000000080000000, 0x0000000084780000, 0x00000000d5580000)
  object space 73216K, 99% used [0x0000000080000000,0x0000000084765a78,0x0000000084780000)
 Metaspace       used 66649K, committed 68224K, reserved 1114112K
  class space    used 7085K, committed 7744K, reserved 1048576K
}
Event: 2912.933 GC heap after
{Heap after GC invocations=86 (full 3):
 PSYoungGen      total 12800K, used 352K [0x00000000d5580000, 0x00000000d6300000, 0x0000000100000000)
  eden space 11776K, 0% used [0x00000000d5580000,0x00000000d5580000,0x00000000d6100000)
  from space 1024K, 34% used [0x00000000d6100000,0x00000000d6158000,0x00000000d6200000)
  to   space 512K, 0% used [0x00000000d6280000,0x00000000d6280000,0x00000000d6300000)
 ParOldGen       total 73728K, used 73484K [0x0000000080000000, 0x0000000084800000, 0x00000000d5580000)
  object space 73728K, 99% used [0x0000000080000000,0x00000000847c33c8,0x0000000084800000)
 Metaspace       used 66649K, committed 68224K, reserved 1114112K
  class space    used 7085K, committed 7744K, reserved 1048576K
}
Event: 2913.065 GC heap before
{Heap before GC invocations=87 (full 3):
 PSYoungGen      total 12800K, used 12055K [0x00000000d5580000, 0x00000000d6300000, 0x0000000100000000)
  eden space 11776K, 99% used [0x00000000d5580000,0x00000000d60edc00,0x00000000d6100000)
  from space 1024K, 34% used [0x00000000d6100000,0x00000000d6158000,0x00000000d6200000)
  to   space 512K, 0% used [0x00000000d6280000,0x00000000d6280000,0x00000000d6300000)
 ParOldGen       total 73728K, used 73484K [0x0000000080000000, 0x0000000084800000, 0x00000000d5580000)
  object space 73728K, 99% used [0x0000000080000000,0x00000000847c33c8,0x0000000084800000)
 Metaspace       used 67110K, committed 68672K, reserved 1114112K
  class space    used 7138K, committed 7808K, reserved 1048576K
}
Event: 2913.067 GC heap after
{Heap after GC invocations=87 (full 3):
 PSYoungGen      total 12288K, used 510K [0x00000000d5580000, 0x00000000d6400000, 0x0000000100000000)
  eden space 11776K, 0% used [0x00000000d5580000,0x00000000d5580000,0x00000000d6100000)
  from space 512K, 99% used [0x00000000d6280000,0x00000000d62ffa90,0x00000000d6300000)
  to   space 1536K, 0% used [0x00000000d6100000,0x00000000d6100000,0x00000000d6280000)
 ParOldGen       total 74240K, used 73932K [0x0000000080000000, 0x0000000084880000, 0x00000000d5580000)
  object space 74240K, 99% used [0x0000000080000000,0x00000000848333d8,0x0000000084880000)
 Metaspace       used 67110K, committed 68672K, reserved 1114112K
  class space    used 7138K, committed 7808K, reserved 1048576K
}
Event: 2913.379 GC heap before
{Heap before GC invocations=88 (full 3):
 PSYoungGen      total 12288K, used 12281K [0x00000000d5580000, 0x00000000d6400000, 0x0000000100000000)
  eden space 11776K, 99% used [0x00000000d5580000,0x00000000d60fea50,0x00000000d6100000)
  from space 512K, 99% used [0x00000000d6280000,0x00000000d62ffa90,0x00000000d6300000)
  to   space 1536K, 0% used [0x00000000d6100000,0x00000000d6100000,0x00000000d6280000)
 ParOldGen       total 74240K, used 73932K [0x0000000080000000, 0x0000000084880000, 0x00000000d5580000)
  object space 74240K, 99% used [0x0000000080000000,0x00000000848333d8,0x0000000084880000)
 Metaspace       used 68213K, committed 69824K, reserved 1114112K
  class space    used 7230K, committed 7936K, reserved 1048576K
}
Event: 2913.381 GC heap after
{Heap after GC invocations=88 (full 3):
 PSYoungGen      total 13312K, used 1280K [0x00000000d5580000, 0x00000000d6400000, 0x0000000100000000)
  eden space 11776K, 0% used [0x00000000d5580000,0x00000000d5580000,0x00000000d6100000)
  from space 1536K, 83% used [0x00000000d6100000,0x00000000d6240000,0x00000000d6280000)
  to   space 1536K, 0% used [0x00000000d6280000,0x00000000d6280000,0x00000000d6400000)
 ParOldGen       total 74752K, used 74397K [0x0000000080000000, 0x0000000084900000, 0x00000000d5580000)
  object space 74752K, 99% used [0x0000000080000000,0x00000000848a7540,0x0000000084900000)
 Metaspace       used 68213K, committed 69824K, reserved 1114112K
  class space    used 7230K, committed 7936K, reserved 1048576K
}
Event: 2913.658 GC heap before
{Heap before GC invocations=89 (full 3):
 PSYoungGen      total 13312K, used 13056K [0x00000000d5580000, 0x00000000d6400000, 0x0000000100000000)
  eden space 11776K, 100% used [0x00000000d5580000,0x00000000d6100000,0x00000000d6100000)
  from space 1536K, 83% used [0x00000000d6100000,0x00000000d6240000,0x00000000d6280000)
  to   space 1536K, 0% used [0x00000000d6280000,0x00000000d6280000,0x00000000d6400000)
 ParOldGen       total 74752K, used 74397K [0x0000000080000000, 0x0000000084900000, 0x00000000d5580000)
  object space 74752K, 99% used [0x0000000080000000,0x00000000848a7540,0x0000000084900000)
 Metaspace       used 69051K, committed 70656K, reserved 1114112K
  class space    used 7309K, committed 8000K, reserved 1048576K
}
Event: 2913.663 GC heap after
{Heap after GC invocations=89 (full 3):
 PSYoungGen      total 11776K, used 1515K [0x00000000d5580000, 0x00000000d6700000, 0x0000000100000000)
  eden space 10240K, 0% used [0x00000000d5580000,0x00000000d5580000,0x00000000d5f80000)
  from space 1536K, 98% used [0x00000000d6280000,0x00000000d63fac58,0x00000000d6400000)
  to   space 3072K, 0% used [0x00000000d5f80000,0x00000000d5f80000,0x00000000d6280000)
 ParOldGen       total 75776K, used 75640K [0x0000000080000000, 0x0000000084a00000, 0x00000000d5580000)
  object space 75776K, 99% used [0x0000000080000000,0x00000000849de0a0,0x0000000084a00000)
 Metaspace       used 69051K, committed 70656K, reserved 1114112K
  class space    used 7309K, committed 8000K, reserved 1048576K
}

